[0m14:19:51.795697 [debug] [MainThread]: Sending event: {'category': 'dbt', 'action': 'invocation', 'label': 'start', 'context': [<snowplow_tracker.self_describing_json.SelfDescribingJson object at 0x0000017149F84290>, <snowplow_tracker.self_describing_json.SelfDescribingJson object at 0x0000017149C300D0>, <snowplow_tracker.self_describing_json.SelfDescribingJson object at 0x0000017149FE8DD0>]}


============================== 14:19:52.002639 | cc9c2a5f-bb50-404a-8cfe-91b00bafba7f ==============================
[0m14:19:52.002639 [info ] [MainThread]: Running with dbt=1.10.13
[0m14:19:52.004709 [debug] [MainThread]: running dbt with arguments {'partial_parse': 'True', 'static_parser': 'True', 'send_anonymous_usage_stats': 'True', 'use_colors': 'True', 'cache_selected_only': 'False', 'target_path': 'None', 'version_check': 'True', 'invocation_command': 'dbt init', 'log_format': 'default', 'warn_error': 'None', 'introspect': 'True', 'debug': 'False', 'log_cache_events': 'False', 'fail_fast': 'False', 'no_print': 'None', 'empty': 'None', 'printer_width': '80', 'quiet': 'False', 'use_experimental_parser': 'False', 'log_path': 'logs', 'indirect_selection': 'eager', 'write_json': 'True', 'warn_error_options': 'WarnErrorOptionsV2(error=[], warn=[], silence=[])', 'profiles_dir': 'C:\\Users\\asus\\.dbt'}
[0m14:19:52.519547 [info ] [MainThread]: Creating dbt configuration folder at C:\Users\asus\.dbt
[0m14:20:32.683923 [debug] [MainThread]: Starter project path: C:\Users\asus\Desktop\DBT\.venv\Lib\site-packages\dbt\include\starter_project
[0m14:20:32.785084 [info ] [MainThread]: 
Your new dbt project "dbt_tut" was created!

For more information on how to configure the profiles.yml file,
please consult the dbt documentation here:

  https://docs.getdbt.com/docs/configure-your-profile

One more thing:

Need help? Don't hesitate to reach out to us via GitHub issues or on Slack:

  https://community.getdbt.com/

Happy modeling!

[0m14:20:32.786522 [info ] [MainThread]: Setting up your profile.
[0m14:21:13.805900 [debug] [MainThread]: Spark adapter: Setting pyhive.hive logging to ERROR
[0m14:21:13.806921 [debug] [MainThread]: Spark adapter: Setting thrift.transport logging to ERROR
[0m14:21:13.806921 [debug] [MainThread]: Spark adapter: Setting thrift.protocol logging to ERROR
[0m14:25:21.411651 [info ] [MainThread]: Profile dbt_tut written to C:\Users\asus\.dbt\profiles.yml using target's profile_template.yml and your supplied values. Run 'dbt debug' to validate the connection.
[0m14:25:21.417896 [debug] [MainThread]: Command `dbt init` succeeded at 14:25:21.416902 after 329.74 seconds
[0m14:25:21.422038 [debug] [MainThread]: Sending event: {'category': 'dbt', 'action': 'invocation', 'label': 'end', 'context': [<snowplow_tracker.self_describing_json.SelfDescribingJson object at 0x0000017149FEA550>, <snowplow_tracker.self_describing_json.SelfDescribingJson object at 0x0000017143582810>, <snowplow_tracker.self_describing_json.SelfDescribingJson object at 0x0000017149FBD9D0>]}
[0m14:25:21.424114 [debug] [MainThread]: Flushing usage events
[0m14:25:23.518338 [debug] [MainThread]: An error was encountered while trying to flush usage events
[0m14:25:57.049573 [debug] [MainThread]: Sending event: {'category': 'dbt', 'action': 'invocation', 'label': 'start', 'context': [<snowplow_tracker.self_describing_json.SelfDescribingJson object at 0x000001F105C53450>, <snowplow_tracker.self_describing_json.SelfDescribingJson object at 0x000001F109034D50>, <snowplow_tracker.self_describing_json.SelfDescribingJson object at 0x000001F109283750>]}


============================== 14:25:57.055751 | 3d171331-ba40-4024-a467-9472e13a5479 ==============================
[0m14:25:57.055751 [info ] [MainThread]: Running with dbt=1.10.13
[0m14:25:57.057755 [debug] [MainThread]: running dbt with arguments {'partial_parse': 'True', 'warn_error_options': 'WarnErrorOptionsV2(error=[], warn=[], silence=[])', 'send_anonymous_usage_stats': 'True', 'warn_error': 'None', 'cache_selected_only': 'False', 'target_path': 'None', 'use_colors': 'True', 'invocation_command': 'dbt debug', 'log_format': 'default', 'version_check': 'True', 'introspect': 'True', 'debug': 'False', 'log_cache_events': 'False', 'fail_fast': 'False', 'no_print': 'None', 'empty': 'None', 'quiet': 'False', 'printer_width': '80', 'use_experimental_parser': 'False', 'indirect_selection': 'eager', 'log_path': 'logs', 'profiles_dir': 'C:\\Users\\asus\\.dbt', 'static_parser': 'True', 'write_json': 'True'}
[0m14:25:57.133716 [info ] [MainThread]: dbt version: 1.10.13
[0m14:25:57.134717 [info ] [MainThread]: python version: 3.11.9
[0m14:25:57.135966 [info ] [MainThread]: python path: C:\Users\asus\Desktop\DBT\.venv\Scripts\python.exe
[0m14:25:57.137410 [info ] [MainThread]: os info: Windows-10-10.0.26100-SP0
[0m14:25:58.256613 [debug] [MainThread]: Spark adapter: Setting pyhive.hive logging to ERROR
[0m14:25:58.257616 [debug] [MainThread]: Spark adapter: Setting thrift.transport logging to ERROR
[0m14:25:58.257616 [debug] [MainThread]: Spark adapter: Setting thrift.protocol logging to ERROR
[0m14:25:59.399564 [info ] [MainThread]: Using profiles dir at C:\Users\asus\.dbt
[0m14:25:59.400507 [info ] [MainThread]: Using profiles.yml file at C:\Users\asus\.dbt\profiles.yml
[0m14:25:59.401511 [info ] [MainThread]: Using dbt_project.yml file at C:\Users\asus\Desktop\DBT\dbt_project.yml
[0m14:25:59.402726 [info ] [MainThread]: adapter type: databricks
[0m14:25:59.403867 [info ] [MainThread]: adapter version: 1.10.9
[0m14:25:59.405994 [info ] [MainThread]: Configuration:
[0m14:25:59.406995 [info ] [MainThread]:   profiles.yml file [[32mOK found and valid[0m]
[0m14:25:59.408993 [info ] [MainThread]:   dbt_project.yml file [[31mERROR not found[0m]
[0m14:25:59.411188 [info ] [MainThread]: Required dependencies:
[0m14:25:59.414110 [debug] [MainThread]: Executing "git --help"
[0m14:25:59.476374 [debug] [MainThread]: STDOUT: "b"usage: git [-v | --version] [-h | --help] [-C <path>] [-c <name>=<value>]\n           [--exec-path[=<path>]] [--html-path] [--man-path] [--info-path]\n           [-p | --paginate | -P | --no-pager] [--no-replace-objects] [--no-lazy-fetch]\n           [--no-optional-locks] [--no-advice] [--bare] [--git-dir=<path>]\n           [--work-tree=<path>] [--namespace=<name>] [--config-env=<name>=<envvar>]\n           <command> [<args>]\n\nThese are common Git commands used in various situations:\n\nstart a working area (see also: git help tutorial)\n   clone      Clone a repository into a new directory\n   init       Create an empty Git repository or reinitialize an existing one\n\nwork on the current change (see also: git help everyday)\n   add        Add file contents to the index\n   mv         Move or rename a file, a directory, or a symlink\n   restore    Restore working tree files\n   rm         Remove files from the working tree and from the index\n\nexamine the history and state (see also: git help revisions)\n   bisect     Use binary search to find the commit that introduced a bug\n   diff       Show changes between commits, commit and working tree, etc\n   grep       Print lines matching a pattern\n   log        Show commit logs\n   show       Show various types of objects\n   status     Show the working tree status\n\ngrow, mark and tweak your common history\n   backfill   Download missing objects in a partial clone\n   branch     List, create, or delete branches\n   commit     Record changes to the repository\n   merge      Join two or more development histories together\n   rebase     Reapply commits on top of another base tip\n   reset      Reset current HEAD to the specified state\n   switch     Switch branches\n   tag        Create, list, delete or verify a tag object signed with GPG\n\ncollaborate (see also: git help workflows)\n   fetch      Download objects and refs from another repository\n   pull       Fetch from and integrate with another repository or a local branch\n   push       Update remote refs along with associated objects\n\n'git help -a' and 'git help -g' list available subcommands and some\nconcept guides. See 'git help <command>' or 'git help <concept>'\nto read about a specific subcommand or concept.\nSee 'git help git' for an overview of the system.\n""
[0m14:25:59.477370 [debug] [MainThread]: STDERR: "b''"
[0m14:25:59.478373 [info ] [MainThread]:  - git [[32mOK found[0m]

[0m14:25:59.479816 [info ] [MainThread]: Connection:
[0m14:25:59.480897 [info ] [MainThread]:   host: dbc-ccbf9ff7-8028.cloud.databricks.com
[0m14:25:59.483095 [info ] [MainThread]:   http_path: /sql/1.0/warehouses/9a224c5ef80e2ed5
[0m14:25:59.484184 [info ] [MainThread]:   catalog: dbt
[0m14:25:59.485537 [info ] [MainThread]:   schema: default
[0m14:25:59.488495 [info ] [MainThread]: Registered adapter: databricks=1.10.9
[0m14:26:00.088623 [debug] [MainThread]: Databricks adapter: DatabricksDBTConnection(session-id=None, name=debug) - Creating connection
[0m14:26:00.088623 [debug] [MainThread]: Acquiring new databricks connection 'debug'
[0m14:26:00.089625 [debug] [MainThread]: Using databricks connection "debug"
[0m14:26:00.090625 [debug] [MainThread]: On debug: select 1 as id
[0m14:26:00.090625 [debug] [MainThread]: Opening a new connection, currently in state init
[0m14:26:02.030706 [debug] [MainThread]: Databricks adapter: Connection(session-id=01f0a036-c967-19fa-818d-da745144f5bd) - Created
[0m14:26:17.395450 [debug] [MainThread]: SQL status: OK in 17.300 seconds
[0m14:26:17.398447 [debug] [MainThread]: Databricks adapter: Cursor(session-id=01f0a036-c967-19fa-818d-da745144f5bd, command-id=01f0a036-c9c8-1992-b8e6-c5be5ea38c88) - Closing
[0m14:26:17.963706 [debug] [MainThread]: On debug: Close
[0m14:26:17.964705 [debug] [MainThread]: Databricks adapter: Connection(session-id=01f0a036-c967-19fa-818d-da745144f5bd) - Closing
[0m14:26:18.405535 [info ] [MainThread]:   Connection test: [[32mOK connection ok[0m]

[0m14:26:18.407964 [info ] [MainThread]: [31m1 check failed:[0m
[0m14:26:18.410206 [info ] [MainThread]: Project loading failed for the following reason:
 project path <C:\Users\asus\Desktop\DBT\dbt_project.yml> not found

[0m14:26:18.414627 [debug] [MainThread]: Command `dbt debug` failed at 14:26:18.413622 after 21.48 seconds
[0m14:26:18.416627 [debug] [MainThread]: Sending event: {'category': 'dbt', 'action': 'invocation', 'label': 'end', 'context': [<snowplow_tracker.self_describing_json.SelfDescribingJson object at 0x000001F112366790>, <snowplow_tracker.self_describing_json.SelfDescribingJson object at 0x000001F10265D0D0>, <snowplow_tracker.self_describing_json.SelfDescribingJson object at 0x000001F10833F8D0>]}
[0m14:26:18.417618 [debug] [MainThread]: Flushing usage events
[0m14:26:20.118112 [debug] [MainThread]: An error was encountered while trying to flush usage events
